<?xml version='1.0' encoding='UTF-8'?>
<testsuite hostname="ubuntu" name="com.knol.core.impl.KnolRepoImplTest" tests="11" errors="0" failures="0" time="0.265">
                     <properties>
[...]
</properties>
                     <testcase classname="com.knol.core.impl.KnolRepoImplTest" name="checking error in getting connection with database" time="0.003">
                                                 
                                               </testcase><testcase classname="com.knol.core.impl.KnolRepoImplTest" name="Checking error in create method" time="0.01">
                                                 
                                               </testcase><testcase classname="com.knol.core.impl.KnolRepoImplTest" name="Create a Knolder" time="0.014">
                                                 
                                               </testcase><testcase classname="com.knol.core.impl.KnolRepoImplTest" name="checking error in update method" time="0.045">
                                                 
                                               </testcase><testcase classname="com.knol.core.impl.KnolRepoImplTest" name="Update a Knolder" time="0.012">
                                                 
                                               </testcase><testcase classname="com.knol.core.impl.KnolRepoImplTest" name="checking error in delete method" time="0.062">
                                                 
                                               </testcase><testcase classname="com.knol.core.impl.KnolRepoImplTest" name="Delete a Knolder" time="0.039">
                                                 
                                               </testcase><testcase classname="com.knol.core.impl.KnolRepoImplTest" name="checking error in fetching a knolder record" time="0.035">
                                                 
                                               </testcase><testcase classname="com.knol.core.impl.KnolRepoImplTest" name="Get a particular Knolder" time="0.007">
                                                 
                                               </testcase><testcase classname="com.knol.core.impl.KnolRepoImplTest" name="checking error in fetching a list of knolders" time="0.031">
                                                 
                                               </testcase><testcase classname="com.knol.core.impl.KnolRepoImplTest" name="Get a list of Knolders" time="0.007">
                                                 
                                               </testcase>
                     <system-out></system-out>
                     <system-err></system-err>
                   </testsuite>