<?xml version="1.0"?>
<!DOCTYPE coverage SYSTEM "http://cobertura.sourceforge.net/xml/coverage-04.dtd">
<coverage line-rate="0.91" lines-covered="272" lines-valid="247" branches-covered="34" branches-valid="34" branch-rate="1.00" complexity="0" version="1.0" timestamp="1423458602635">
      <sources>
        <source>/src/main/scala</source>
      </sources>
      <packages>
        <package name="com.knol.core.impl" line-rate="0.91" branch-rate="1.00" complexity="0">
      <classes>
        <class name="SessionRepoImpl" filename="src/main/scala/com/knol/core/impl/SessionRepoImpl.scala" line-rate="0.91" branch-rate="1.00" complexity="0">
      <methods>
        <method name="com.knol.core.impl/SessionRepoImpl/delete" signature="()V" line-rate="0.85" branch-rate="1.00">
      <lines>
        <line number="111" hits="1" branch="false"/><line number="126" hits="0" branch="false"/><line number="114" hits="1" branch="false"/><line number="113" hits="1" branch="false"/><line number="108" hits="1" branch="false"/><line number="104" hits="1" branch="false"/><line number="125" hits="1" branch="false"/><line number="121" hits="1" branch="false"/><line number="104" hits="1" branch="false"/><line number="112" hits="1" branch="false"/><line number="124" hits="1" branch="false"/><line number="116" hits="0" branch="false"/><line number="120" hits="1" branch="false"/>
      </lines>
    </method><method name="com.knol.core.impl/SessionRepoImpl/getList" signature="()V" line-rate="0.92" branch-rate="1.00">
      <lines>
        <line number="195" hits="1" branch="false"/><line number="213" hits="0" branch="false"/><line number="194" hits="1" branch="false"/><line number="212" hits="1" branch="false"/><line number="194" hits="1" branch="false"/><line number="194" hits="1" branch="false"/><line number="197" hits="1" branch="false"/><line number="200" hits="1" branch="false"/><line number="190" hits="1" branch="false"/><line number="195" hits="1" branch="false"/><line number="188" hits="1" branch="false"/><line number="204" hits="0" branch="false"/><line number="192" hits="1" branch="false"/><line number="195" hits="1" branch="false"/><line number="209" hits="1" branch="false"/><line number="196" hits="1" branch="false"/><line number="194" hits="1" branch="false"/><line number="211" hits="1" branch="false"/><line number="184" hits="1" branch="false"/><line number="198" hits="1" branch="false"/><line number="198" hits="1" branch="false"/><line number="184" hits="1" branch="false"/><line number="202" hits="1" branch="false"/><line number="208" hits="1" branch="false"/><line number="191" hits="1" branch="false"/><line number="195" hits="1" branch="false"/>
      </lines>
    </method><method name="com.knol.core.impl/SessionRepoImpl/update" signature="()V" line-rate="0.87" branch-rate="1.00">
      <lines>
        <line number="82" hits="0" branch="false"/><line number="87" hits="1" branch="false"/><line number="75" hits="1" branch="false"/><line number="86" hits="1" branch="false"/><line number="69" hits="1" branch="false"/><line number="77" hits="1" branch="false"/><line number="92" hits="0" branch="false"/><line number="79" hits="1" branch="false"/><line number="73" hits="1" branch="false"/><line number="69" hits="1" branch="false"/><line number="77" hits="1" branch="false"/><line number="91" hits="1" branch="false"/><line number="78" hits="1" branch="false"/><line number="90" hits="1" branch="false"/><line number="77" hits="1" branch="false"/>
      </lines>
    </method><method name="com.knol.core.impl/SessionRepoImpl/getSession" signature="()V" line-rate="0.93" branch-rate="1.00">
      <lines>
        <line number="171" hits="1" branch="false"/><line number="154" hits="1" branch="false"/><line number="152" hits="1" branch="false"/><line number="137" hits="1" branch="false"/><line number="137" hits="1" branch="false"/><line number="159" hits="1" branch="false"/><line number="170" hits="1" branch="false"/><line number="156" hits="1" branch="false"/><line number="154" hits="1" branch="false"/><line number="163" hits="0" branch="false"/><line number="146" hits="1" branch="false"/><line number="152" hits="1" branch="false"/><line number="152" hits="1" branch="false"/><line number="168" hits="1" branch="false"/><line number="154" hits="1" branch="false"/><line number="167" hits="1" branch="false"/><line number="150" hits="1" branch="false"/><line number="152" hits="1" branch="false"/><line number="172" hits="0" branch="false"/><line number="155" hits="1" branch="false"/><line number="161" hits="1" branch="false"/><line number="144" hits="1" branch="false"/><line number="157" hits="1" branch="false"/><line number="157" hits="1" branch="false"/><line number="160" hits="1" branch="false"/><line number="141" hits="1" branch="false"/><line number="148" hits="1" branch="false"/><line number="154" hits="1" branch="false"/>
      </lines>
    </method><method name="com.knol.core.impl/SessionRepoImpl/create" signature="()V" line-rate="0.92" branch-rate="1.00">
      <lines>
        <line number="34" hits="1" branch="false"/><line number="42" hits="1" branch="false"/><line number="54" hits="1" branch="false"/><line number="45" hits="0" branch="false"/><line number="21" hits="1" branch="false"/><line number="35" hits="1" branch="false"/><line number="31" hits="1" branch="false"/><line number="35" hits="1" branch="false"/><line number="50" hits="1" branch="false"/><line number="56" hits="0" branch="false"/><line number="33" hits="1" branch="false"/><line number="41" hits="1" branch="false"/><line number="21" hits="1" branch="false"/><line number="34" hits="1" branch="false"/><line number="43" hits="1" branch="false"/><line number="34" hits="1" branch="false"/><line number="43" hits="1" branch="false"/><line number="35" hits="1" branch="false"/><line number="24" hits="1" branch="false"/><line number="26" hits="1" branch="false"/><line number="33" hits="1" branch="false"/><line number="38" hits="1" branch="false"/><line number="55" hits="1" branch="false"/><line number="36" hits="1" branch="false"/><line number="33" hits="1" branch="false"/><line number="51" hits="1" branch="false"/>
      </lines>
    </method>
      </methods>
      <lines>
        <line number="34" hits="1" branch="false"/><line number="171" hits="1" branch="false"/><line number="195" hits="1" branch="false"/><line number="154" hits="1" branch="false"/><line number="82" hits="0" branch="false"/><line number="152" hits="1" branch="false"/><line number="111" hits="1" branch="false"/><line number="126" hits="0" branch="false"/><line number="42" hits="1" branch="false"/><line number="54" hits="1" branch="false"/><line number="213" hits="0" branch="false"/><line number="194" hits="1" branch="false"/><line number="137" hits="1" branch="false"/><line number="87" hits="1" branch="false"/><line number="45" hits="0" branch="false"/><line number="114" hits="1" branch="false"/><line number="75" hits="1" branch="false"/><line number="21" hits="1" branch="false"/><line number="35" hits="1" branch="false"/><line number="212" hits="1" branch="false"/><line number="194" hits="1" branch="false"/><line number="194" hits="1" branch="false"/><line number="113" hits="1" branch="false"/><line number="137" hits="1" branch="false"/><line number="86" hits="1" branch="false"/><line number="159" hits="1" branch="false"/><line number="69" hits="1" branch="false"/><line number="170" hits="1" branch="false"/><line number="156" hits="1" branch="false"/><line number="197" hits="1" branch="false"/><line number="200" hits="1" branch="false"/><line number="31" hits="1" branch="false"/><line number="35" hits="1" branch="false"/><line number="190" hits="1" branch="false"/><line number="195" hits="1" branch="false"/><line number="154" hits="1" branch="false"/><line number="163" hits="0" branch="false"/><line number="50" hits="1" branch="false"/><line number="77" hits="1" branch="false"/><line number="92" hits="0" branch="false"/><line number="108" hits="1" branch="false"/><line number="146" hits="1" branch="false"/><line number="188" hits="1" branch="false"/><line number="104" hits="1" branch="false"/><line number="56" hits="0" branch="false"/><line number="79" hits="1" branch="false"/><line number="152" hits="1" branch="false"/><line number="152" hits="1" branch="false"/><line number="168" hits="1" branch="false"/><line number="125" hits="1" branch="false"/><line number="33" hits="1" branch="false"/><line number="41" hits="1" branch="false"/><line number="21" hits="1" branch="false"/><line number="34" hits="1" branch="false"/><line number="43" hits="1" branch="false"/><line number="204" hits="0" branch="false"/><line number="121" hits="1" branch="false"/><line number="192" hits="1" branch="false"/><line number="104" hits="1" branch="false"/><line number="154" hits="1" branch="false"/><line number="167" hits="1" branch="false"/><line number="150" hits="1" branch="false"/><line number="195" hits="1" branch="false"/><line number="209" hits="1" branch="false"/><line number="34" hits="1" branch="false"/><line number="73" hits="1" branch="false"/><line number="43" hits="1" branch="false"/><line number="112" hits="1" branch="false"/><line number="196" hits="1" branch="false"/><line number="152" hits="1" branch="false"/><line number="172" hits="0" branch="false"/><line number="69" hits="1" branch="false"/><line number="194" hits="1" branch="false"/><line number="211" hits="1" branch="false"/><line number="124" hits="1" branch="false"/><line number="155" hits="1" branch="false"/><line number="161" hits="1" branch="false"/><line number="116" hits="0" branch="false"/><line number="184" hits="1" branch="false"/><line number="77" hits="1" branch="false"/><line number="91" hits="1" branch="false"/><line number="35" hits="1" branch="false"/><line number="24" hits="1" branch="false"/><line number="26" hits="1" branch="false"/><line number="144" hits="1" branch="false"/><line number="157" hits="1" branch="false"/><line number="198" hits="1" branch="false"/><line number="78" hits="1" branch="false"/><line number="33" hits="1" branch="false"/><line number="38" hits="1" branch="false"/><line number="55" hits="1" branch="false"/><line number="198" hits="1" branch="false"/><line number="184" hits="1" branch="false"/><line number="157" hits="1" branch="false"/><line number="160" hits="1" branch="false"/><line number="202" hits="1" branch="false"/><line number="90" hits="1" branch="false"/><line number="36" hits="1" branch="false"/><line number="120" hits="1" branch="false"/><line number="77" hits="1" branch="false"/><line number="33" hits="1" branch="false"/><line number="141" hits="1" branch="false"/><line number="51" hits="1" branch="false"/><line number="208" hits="1" branch="false"/><line number="148" hits="1" branch="false"/><line number="191" hits="1" branch="false"/><line number="154" hits="1" branch="false"/><line number="195" hits="1" branch="false"/>
      </lines>
    </class><class name="KnolRepoImpl" filename="src/main/scala/com/knol/core/impl/KnolRepoImpl.scala" line-rate="0.91" branch-rate="1.00" complexity="0">
      <methods>
        <method name="com.knol.core.impl/KnolRepoImpl/delete" signature="()V" line-rate="0.85" branch-rate="1.00">
      <lines>
        <line number="118" hits="1" branch="false"/><line number="124" hits="0" branch="false"/><line number="109" hits="1" branch="false"/><line number="112" hits="1" branch="false"/><line number="111" hits="1" branch="false"/><line number="106" hits="1" branch="false"/><line number="123" hits="1" branch="false"/><line number="102" hits="1" branch="false"/><line number="110" hits="1" branch="false"/><line number="122" hits="1" branch="false"/><line number="114" hits="0" branch="false"/><line number="102" hits="1" branch="false"/><line number="119" hits="1" branch="false"/>
      </lines>
    </method><method name="com.knol.core.impl/KnolRepoImpl/getKnolder" signature="()V" line-rate="0.93" branch-rate="1.00">
      <lines>
        <line number="139" hits="1" branch="false"/><line number="146" hits="1" branch="false"/><line number="152" hits="1" branch="false"/><line number="152" hits="1" branch="false"/><line number="169" hits="1" branch="false"/><line number="150" hits="1" branch="false"/><line number="158" hits="1" branch="false"/><line number="135" hits="1" branch="false"/><line number="155" hits="1" branch="false"/><line number="168" hits="1" branch="false"/><line number="154" hits="1" branch="false"/><line number="135" hits="1" branch="false"/><line number="157" hits="1" branch="false"/><line number="152" hits="1" branch="false"/><line number="144" hits="1" branch="false"/><line number="161" hits="0" branch="false"/><line number="166" hits="1" branch="false"/><line number="150" hits="1" branch="false"/><line number="150" hits="1" branch="false"/><line number="148" hits="1" branch="false"/><line number="152" hits="1" branch="false"/><line number="165" hits="1" branch="false"/><line number="153" hits="1" branch="false"/><line number="150" hits="1" branch="false"/><line number="170" hits="0" branch="false"/><line number="142" hits="1" branch="false"/><line number="159" hits="1" branch="false"/><line number="155" hits="1" branch="false"/>
      </lines>
    </method><method name="com.knol.core.impl/KnolRepoImpl/getList" signature="()V" line-rate="0.92" branch-rate="1.00">
      <lines>
        <line number="200" hits="1" branch="false"/><line number="204" hits="1" branch="false"/><line number="186" hits="1" branch="false"/><line number="197" hits="1" branch="false"/><line number="210" hits="1" branch="false"/><line number="193" hits="1" branch="false"/><line number="197" hits="1" branch="false"/><line number="196" hits="1" branch="false"/><line number="215" hits="0" branch="false"/><line number="214" hits="1" branch="false"/><line number="202" hits="1" branch="false"/><line number="199" hits="1" branch="false"/><line number="192" hits="1" branch="false"/><line number="197" hits="1" branch="false"/><line number="190" hits="1" branch="false"/><line number="196" hits="1" branch="false"/><line number="196" hits="1" branch="false"/><line number="194" hits="1" branch="false"/><line number="197" hits="1" branch="false"/><line number="211" hits="1" branch="false"/><line number="198" hits="1" branch="false"/><line number="196" hits="1" branch="false"/><line number="213" hits="1" branch="false"/><line number="186" hits="1" branch="false"/><line number="200" hits="1" branch="false"/><line number="206" hits="0" branch="false"/>
      </lines>
    </method><method name="com.knol.core.impl/KnolRepoImpl/create" signature="()V" line-rate="0.92" branch-rate="1.00">
      <lines>
        <line number="49" hits="1" branch="false"/><line number="32" hits="1" branch="false"/><line number="40" hits="1" branch="false"/><line number="52" hits="1" branch="false"/><line number="33" hits="1" branch="false"/><line number="43" hits="0" branch="false"/><line number="19" hits="1" branch="false"/><line number="31" hits="1" branch="false"/><line number="34" hits="1" branch="false"/><line number="29" hits="1" branch="false"/><line number="33" hits="1" branch="false"/><line number="48" hits="1" branch="false"/><line number="39" hits="1" branch="false"/><line number="31" hits="1" branch="false"/><line number="54" hits="0" branch="false"/><line number="32" hits="1" branch="false"/><line number="19" hits="1" branch="false"/><line number="41" hits="1" branch="false"/><line number="32" hits="1" branch="false"/><line number="41" hits="1" branch="false"/><line number="22" hits="1" branch="false"/><line number="24" hits="1" branch="false"/><line number="33" hits="1" branch="false"/><line number="36" hits="1" branch="false"/><line number="53" hits="1" branch="false"/><line number="31" hits="1" branch="false"/>
      </lines>
    </method><method name="com.knol.core.impl/KnolRepoImpl/update" signature="()V" line-rate="0.87" branch-rate="1.00">
      <lines>
        <line number="75" hits="1" branch="false"/><line number="88" hits="1" branch="false"/><line number="80" hits="0" branch="false"/><line number="85" hits="1" branch="false"/><line number="73" hits="1" branch="false"/><line number="90" hits="0" branch="false"/><line number="75" hits="1" branch="false"/><line number="77" hits="1" branch="false"/><line number="84" hits="1" branch="false"/><line number="67" hits="1" branch="false"/><line number="67" hits="1" branch="false"/><line number="71" hits="1" branch="false"/><line number="75" hits="1" branch="false"/><line number="89" hits="1" branch="false"/><line number="76" hits="1" branch="false"/>
      </lines>
    </method>
      </methods>
      <lines>
        <line number="200" hits="1" branch="false"/><line number="204" hits="1" branch="false"/><line number="186" hits="1" branch="false"/><line number="49" hits="1" branch="false"/><line number="197" hits="1" branch="false"/><line number="210" hits="1" branch="false"/><line number="139" hits="1" branch="false"/><line number="193" hits="1" branch="false"/><line number="118" hits="1" branch="false"/><line number="146" hits="1" branch="false"/><line number="152" hits="1" branch="false"/><line number="75" hits="1" branch="false"/><line number="88" hits="1" branch="false"/><line number="124" hits="0" branch="false"/><line number="152" hits="1" branch="false"/><line number="80" hits="0" branch="false"/><line number="32" hits="1" branch="false"/><line number="109" hits="1" branch="false"/><line number="40" hits="1" branch="false"/><line number="52" hits="1" branch="false"/><line number="169" hits="1" branch="false"/><line number="197" hits="1" branch="false"/><line number="196" hits="1" branch="false"/><line number="150" hits="1" branch="false"/><line number="215" hits="0" branch="false"/><line number="33" hits="1" branch="false"/><line number="158" hits="1" branch="false"/><line number="135" hits="1" branch="false"/><line number="85" hits="1" branch="false"/><line number="73" hits="1" branch="false"/><line number="112" hits="1" branch="false"/><line number="43" hits="0" branch="false"/><line number="19" hits="1" branch="false"/><line number="155" hits="1" branch="false"/><line number="31" hits="1" branch="false"/><line number="34" hits="1" branch="false"/><line number="214" hits="1" branch="false"/><line number="111" hits="1" branch="false"/><line number="202" hits="1" branch="false"/><line number="168" hits="1" branch="false"/><line number="199" hits="1" branch="false"/><line number="154" hits="1" branch="false"/><line number="135" hits="1" branch="false"/><line number="157" hits="1" branch="false"/><line number="192" hits="1" branch="false"/><line number="197" hits="1" branch="false"/><line number="152" hits="1" branch="false"/><line number="144" hits="1" branch="false"/><line number="90" hits="0" branch="false"/><line number="106" hits="1" branch="false"/><line number="29" hits="1" branch="false"/><line number="33" hits="1" branch="false"/><line number="48" hits="1" branch="false"/><line number="75" hits="1" branch="false"/><line number="161" hits="0" branch="false"/><line number="190" hits="1" branch="false"/><line number="39" hits="1" branch="false"/><line number="196" hits="1" branch="false"/><line number="31" hits="1" branch="false"/><line number="166" hits="1" branch="false"/><line number="196" hits="1" branch="false"/><line number="150" hits="1" branch="false"/><line number="123" hits="1" branch="false"/><line number="102" hits="1" branch="false"/><line number="54" hits="0" branch="false"/><line number="77" hits="1" branch="false"/><line number="150" hits="1" branch="false"/><line number="32" hits="1" branch="false"/><line number="84" hits="1" branch="false"/><line number="19" hits="1" branch="false"/><line number="41" hits="1" branch="false"/><line number="67" hits="1" branch="false"/><line number="148" hits="1" branch="false"/><line number="194" hits="1" branch="false"/><line number="197" hits="1" branch="false"/><line number="211" hits="1" branch="false"/><line number="152" hits="1" branch="false"/><line number="165" hits="1" branch="false"/><line number="198" hits="1" branch="false"/><line number="196" hits="1" branch="false"/><line number="153" hits="1" branch="false"/><line number="110" hits="1" branch="false"/><line number="122" hits="1" branch="false"/><line number="150" hits="1" branch="false"/><line number="170" hits="0" branch="false"/><line number="67" hits="1" branch="false"/><line number="71" hits="1" branch="false"/><line number="213" hits="1" branch="false"/><line number="32" hits="1" branch="false"/><line number="41" hits="1" branch="false"/><line number="114" hits="0" branch="false"/><line number="22" hits="1" branch="false"/><line number="142" hits="1" branch="false"/><line number="24" hits="1" branch="false"/><line number="33" hits="1" branch="false"/><line number="186" hits="1" branch="false"/><line number="200" hits="1" branch="false"/><line number="206" hits="0" branch="false"/><line number="159" hits="1" branch="false"/><line number="75" hits="1" branch="false"/><line number="89" hits="1" branch="false"/><line number="155" hits="1" branch="false"/><line number="36" hits="1" branch="false"/><line number="102" hits="1" branch="false"/><line number="119" hits="1" branch="false"/><line number="53" hits="1" branch="false"/><line number="76" hits="1" branch="false"/><line number="31" hits="1" branch="false"/>
      </lines>
    </class><class name="KnolSessionRepoImpl" filename="src/main/scala/com/knol/core/impl/KnolSessionRepoImpl.scala" line-rate="0.93" branch-rate="1.00" complexity="0">
      <methods>
        <method name="com.knol.core.impl/KnolSessionRepoImpl/getSessionById" signature="()V" line-rate="0.93" branch-rate="1.00">
      <lines>
        <line number="48" hits="0" branch="false"/><line number="31" hits="1" branch="false"/><line number="28" hits="1" branch="false"/><line number="39" hits="0" branch="false"/><line number="34" hits="1" branch="false"/><line number="25" hits="1" branch="false"/><line number="44" hits="1" branch="false"/><line number="29" hits="1" branch="false"/><line number="28" hits="1" branch="false"/><line number="29" hits="1" branch="false"/><line number="43" hits="1" branch="false"/><line number="27" hits="1" branch="false"/><line number="30" hits="1" branch="false"/><line number="28" hits="1" branch="false"/><line number="47" hits="1" branch="false"/><line number="37" hits="1" branch="false"/><line number="33" hits="1" branch="false"/><line number="23" hits="1" branch="false"/><line number="28" hits="1" branch="false"/><line number="46" hits="1" branch="false"/><line number="32" hits="1" branch="false"/><line number="20" hits="1" branch="false"/><line number="26" hits="1" branch="false"/><line number="35" hits="1" branch="false"/><line number="29" hits="1" branch="false"/><line number="46" hits="1" branch="false"/><line number="29" hits="1" branch="false"/><line number="20" hits="1" branch="false"/>
      </lines>
    </method><method name="com.knol.core.impl/KnolSessionRepoImpl/&lt;none&gt;" signature="()V" line-rate="1.00" branch-rate="1.00">
      <lines>
        <line number="13" hits="1" branch="false"/><line number="13" hits="1" branch="false"/>
      </lines>
    </method>
      </methods>
      <lines>
        <line number="48" hits="0" branch="false"/><line number="13" hits="1" branch="false"/><line number="31" hits="1" branch="false"/><line number="28" hits="1" branch="false"/><line number="39" hits="0" branch="false"/><line number="34" hits="1" branch="false"/><line number="25" hits="1" branch="false"/><line number="44" hits="1" branch="false"/><line number="29" hits="1" branch="false"/><line number="28" hits="1" branch="false"/><line number="29" hits="1" branch="false"/><line number="43" hits="1" branch="false"/><line number="27" hits="1" branch="false"/><line number="30" hits="1" branch="false"/><line number="28" hits="1" branch="false"/><line number="47" hits="1" branch="false"/><line number="13" hits="1" branch="false"/><line number="37" hits="1" branch="false"/><line number="33" hits="1" branch="false"/><line number="23" hits="1" branch="false"/><line number="28" hits="1" branch="false"/><line number="46" hits="1" branch="false"/><line number="32" hits="1" branch="false"/><line number="20" hits="1" branch="false"/><line number="26" hits="1" branch="false"/><line number="35" hits="1" branch="false"/><line number="29" hits="1" branch="false"/><line number="46" hits="1" branch="false"/><line number="29" hits="1" branch="false"/><line number="20" hits="1" branch="false"/>
      </lines>
    </class>
      </classes>
    </package><package name="com.knol.db.connection" line-rate="0.88" branch-rate="1.00" complexity="0">
      <classes>
        <class name="DBConnection" filename="src/main/scala/com/knol/db/connection/DBConnection.scala" line-rate="0.88" branch-rate="1.00" complexity="0">
      <methods>
        <method name="com.knol.db.connection/DBConnection/&lt;none&gt;" signature="()V" line-rate="1.00" branch-rate="1.00">
      <lines>
        <line number="14" hits="1" branch="false"/><line number="14" hits="1" branch="false"/>
      </lines>
    </method><method name="com.knol.db.connection/DBConnection/getConnection" signature="()V" line-rate="0.88" branch-rate="1.00">
      <lines>
        <line number="29" hits="1" branch="false"/><line number="40" hits="1" branch="false"/><line number="28" hits="1" branch="false"/><line number="53" hits="0" branch="false"/><line number="44" hits="1" branch="false"/><line number="27" hits="1" branch="false"/><line number="23" hits="1" branch="false"/><line number="40" hits="1" branch="false"/><line number="49" hits="1" branch="false"/><line number="22" hits="1" branch="false"/><line number="34" hits="1" branch="false"/><line number="48" hits="1" branch="false"/><line number="47" hits="1" branch="false"/><line number="25" hits="1" branch="false"/><line number="41" hits="1" branch="false"/><line number="30" hits="0" branch="false"/><line number="43" hits="1" branch="false"/><line number="42" hits="1" branch="false"/><line number="54" hits="0" branch="false"/><line number="33" hits="1" branch="false"/><line number="45" hits="1" branch="false"/><line number="41" hits="1" branch="false"/><line number="50" hits="1" branch="false"/><line number="24" hits="1" branch="false"/>
      </lines>
    </method>
      </methods>
      <lines>
        <line number="29" hits="1" branch="false"/><line number="40" hits="1" branch="false"/><line number="28" hits="1" branch="false"/><line number="53" hits="0" branch="false"/><line number="44" hits="1" branch="false"/><line number="27" hits="1" branch="false"/><line number="14" hits="1" branch="false"/><line number="23" hits="1" branch="false"/><line number="40" hits="1" branch="false"/><line number="49" hits="1" branch="false"/><line number="22" hits="1" branch="false"/><line number="34" hits="1" branch="false"/><line number="48" hits="1" branch="false"/><line number="47" hits="1" branch="false"/><line number="25" hits="1" branch="false"/><line number="41" hits="1" branch="false"/><line number="30" hits="0" branch="false"/><line number="43" hits="1" branch="false"/><line number="42" hits="1" branch="false"/><line number="54" hits="0" branch="false"/><line number="33" hits="1" branch="false"/><line number="14" hits="1" branch="false"/><line number="45" hits="1" branch="false"/><line number="41" hits="1" branch="false"/><line number="50" hits="1" branch="false"/><line number="24" hits="1" branch="false"/>
      </lines>
    </class>
      </classes>
    </package>
      </packages>
    </coverage>